{
  "RSpec": {
    "coverage": {
      "/home/ubuntu/projects/new_employee_template/phonebook/spec/models/address_spec.rb": [
        1,
        null,
        1,
        1,
        null
      ],
      "/home/ubuntu/projects/new_employee_template/phonebook/spec/rails_helper.rb": [
        null,
        1,
        1,
        null,
        1,
        1,
        1,
        null,
        null,
        null,
        null,
        null,
        null,
        null,
        null,
        null,
        null,
        null,
        null,
        null,
        null,
        null,
        null,
        null,
        null,
        null,
        1,
        null,
        1,
        null,
        1,
        null,
        null,
        null,
        null,
        1,
        null,
        null,
        null,
        null,
        null,
        null,
        null,
        null,
        null,
        null,
        null,
        null,
        null,
        null,
        1,
        null,
        null,
        1,
        null,
        null,
        null
      ],
      "/home/ubuntu/projects/new_employee_template/phonebook/config/environment.rb": [
        null,
        1,
        null,
        null,
        1
      ],
      "/home/ubuntu/projects/new_employee_template/phonebook/config/application.rb": [
        1,
        null,
        1,
        null,
        1,
        1,
        1,
        1,
        1,
        1,
        null,
        1,
        null,
        null,
        null,
        null,
        1,
        null,
        1,
        1,
        1,
        1,
        null,
        null,
        1,
        null,
        null,
        null,
        null,
        null,
        null,
        1,
        null,
        1,
        1,
        null,
        null,
        null
      ],
      "/home/ubuntu/projects/new_employee_template/phonebook/config/boot.rb": [
        1,
        null,
        1
      ],
      "/home/ubuntu/projects/new_employee_template/phonebook/config/environments/test.rb": [
        1,
        null,
        null,
        null,
        null,
        null,
        null,
        1,
        null,
        null,
        null,
        null,
        1,
        null,
        null,
        1,
        1,
        null,
        null,
        null,
        null,
        1,
        1,
        null,
        null,
        1,
        null,
        null,
        1,
        1,
        null,
        null,
        null,
        null,
        1,
        null,
        null,
        1,
        null,
        null,
        null,
        null
      ],
      "/home/ubuntu/projects/new_employee_template/phonebook/config/initializers/application_controller_renderer.rb": [
        null,
        null,
        null,
        null,
        null,
        null,
        null,
        null
      ],
      "/home/ubuntu/projects/new_employee_template/phonebook/config/initializers/assets.rb": [
        null,
        null,
        null,
        1,
        null,
        null,
        null,
        1,
        null,
        null,
        null,
        null,
        null,
        null,
        1,
        1,
        3,
        27,
        null,
        null,
        1,
        1,
        null,
        1
      ],
      "/home/ubuntu/projects/new_employee_template/phonebook/config/initializers/backtrace_silencers.rb": [
        null,
        null,
        null,
        null,
        null,
        null,
        null
      ],
      "/home/ubuntu/projects/new_employee_template/phonebook/config/initializers/cookies_serializer.rb": [
        null,
        null,
        null,
        null,
        1
      ],
      "/home/ubuntu/projects/new_employee_template/phonebook/config/initializers/filter_parameter_logging.rb": [
        null,
        null,
        null,
        1
      ],
      "/home/ubuntu/projects/new_employee_template/phonebook/config/initializers/inflections.rb": [
        null,
        null,
        null,
        null,
        null,
        null,
        null,
        null,
        null,
        null,
        null,
        null,
        null,
        null,
        null,
        null
      ],
      "/home/ubuntu/projects/new_employee_template/phonebook/config/initializers/mime_types.rb": [
        null,
        null,
        null,
        null
      ],
      "/home/ubuntu/projects/new_employee_template/phonebook/config/initializers/wrap_parameters.rb": [
        null,
        null,
        null,
        null,
        null,
        null,
        1,
        2,
        null,
        null,
        null,
        null,
        null,
        null
      ],
      "/home/ubuntu/projects/new_employee_template/phonebook/spec/factories/addresses.rb": [
        1,
        1,
        2,
        2,
        1,
        null,
        null
      ],
      "/home/ubuntu/projects/new_employee_template/phonebook/spec/factories/contacts.rb": [
        1,
        1,
        2,
        2,
        2,
        2,
        null,
        1,
        1,
        1,
        null,
        null,
        null
      ],
      "/home/ubuntu/projects/new_employee_template/phonebook/spec/factories/phone_numbers.rb": [
        1,
        1,
        2,
        2,
        1,
        null,
        null
      ],
      "/home/ubuntu/projects/new_employee_template/phonebook/config/routes.rb": [
        1,
        null,
        1,
        1,
        null,
        1,
        1,
        1,
        null,
        null,
        null,
        null
      ],
      "/home/ubuntu/projects/new_employee_template/phonebook/app/helpers/addresses_helper.rb": [
        1,
        null
      ],
      "/home/ubuntu/projects/new_employee_template/phonebook/app/helpers/application_helper.rb": [
        1,
        null,
        1,
        0,
        0,
        null,
        null,
        null,
        1,
        0,
        0,
        null,
        0,
        null,
        null,
        null,
        null,
        1,
        0,
        0,
        null,
        0,
        null,
        null,
        null
      ],
      "/home/ubuntu/projects/new_employee_template/phonebook/app/helpers/contacts_helper.rb": [
        1,
        null
      ],
      "/home/ubuntu/projects/new_employee_template/phonebook/app/helpers/home_helper.rb": [
        1,
        null
      ],
      "/home/ubuntu/projects/new_employee_template/phonebook/app/helpers/phone_numbers_helper.rb": [
        1,
        null
      ],
      "/home/ubuntu/projects/new_employee_template/phonebook/app/helpers/users_helper.rb": [
        1,
        null
      ],
      "/home/ubuntu/projects/new_employee_template/phonebook/app/models/address.rb": [
        1,
        1,
        1,
        null
      ],
      "/home/ubuntu/projects/new_employee_template/phonebook/app/models/application_record.rb": [
        1,
        1,
        1,
        null,
        null,
        1,
        null,
        null,
        null,
        1,
        null,
        null,
        null,
        1,
        null,
        null,
        null,
        1,
        null,
        null,
        null,
        1,
        null,
        null,
        null,
        1,
        null,
        null,
        null,
        1,
        null,
        null,
        null,
        null
      ],
      "/home/ubuntu/projects/new_employee_template/phonebook/spec/models/contact_spec.rb": [
        1,
        null,
        1,
        1,
        null,
        1,
        1,
        1,
        null,
        null,
        1,
        1,
        1,
        1,
        null,
        null,
        null,
        null,
        1,
        1,
        1,
        1,
        1,
        null,
        null,
        null,
        1,
        1,
        1,
        1,
        null,
        null,
        null,
        1,
        1,
        1,
        1,
        null,
        null,
        null,
        1,
        1,
        1,
        1,
        null,
        null,
        null,
        null,
        1,
        1,
        1,
        1,
        null,
        null,
        null,
        null,
        null,
        null
      ],
      "/home/ubuntu/projects/new_employee_template/phonebook/app/models/contact.rb": [
        1,
        1,
        1,
        null,
        1,
        1,
        null,
        null,
        1,
        1,
        null,
        null
      ],
      "/home/ubuntu/projects/new_employee_template/phonebook/app/models/phone_number.rb": [
        1,
        1,
        1,
        null
      ],
      "/home/ubuntu/projects/new_employee_template/phonebook/spec/models/phone_number_spec.rb": [
        1,
        null,
        1,
        1,
        null
      ]
    },
    "timestamp": 1506348310
  }
}
